<!DOCTYPE html PUBLIC "-//W3C//DTD XHTML 1.1//EN" "http://www.w3.org/TR/xhtml11/DTD/xhtml11.dtd">
<html xmlns="http://www.w3.org/1999/xhtml">
<head>
<meta charset='utf-8'>
<title>TestNG Report</title>
<style type="text/css">
table {margin-bottom:10px;border-collapse:collapse;empty-cells:show}
td,th {border:1px solid #009;padding:.25em .5em}
.result th {vertical-align:bottom}
.param th {padding-left:1em;padding-right:1em}
.param td {padding-left:.5em;padding-right:2em}
.stripe td,.stripe th {background-color: #E6EBF9}
.numi,.numi_attn {text-align:right}
.total td {font-weight:bold}
.passedodd td {background-color: #0A0}
.passedeven td {background-color: #3F3}
.skippedodd td {background-color: #CCC}
.skippedodd td {background-color: #DDD}
.failedodd td,.numi_attn {background-color: #F33}
.failedeven td,.stripe .numi_attn {background-color: #D00}
.stacktrace {white-space:pre;font-family:monospace}
.totop {font-size:85%;text-align:center;border-bottom:2px solid #000}
</style>
</head>
<body>
<table cellspacing="0" cellpadding="0" class="testOverview">
<tr><th>Test</th><th>Methods<br/>Passed</th><th>Scenarios<br/>Passed</th><th># skipped</th><th># failed</th><th>Total<br/>Time</th><th>Included<br/>Groups</th><th>Excluded<br/>Groups</th></tr>
<tr><td style="text-align:left;padding-right:2em"><a href="#t1">LogIn Test</a></td><td class="numi">0</td><td class="numi">0</td><td class="numi_attn">1</td><td class="numi">0</td><td class="numi">0.1 seconds</td><td class="numi"></td><td class="numi"></td></tr>
<tr class="stripe"><td style="text-align:left;padding-right:2em"><a href="#t2">EmailUs Test</a></td><td class="numi">0</td><td class="numi">0</td><td class="numi_attn">1</td><td class="numi">0</td><td class="numi">0.0 seconds</td><td class="numi"></td><td class="numi"></td></tr>
<tr><td style="text-align:left;padding-right:2em"><a href="#t3">ContactUs Test</a></td><td class="numi">0</td><td class="numi">0</td><td class="numi_attn">1</td><td class="numi">0</td><td class="numi">0.0 seconds</td><td class="numi"></td><td class="numi"></td></tr>
<tr class="total"><td>Total</td>
<td class="numi">0</td><td class="numi">0</td><td class="numi_attn">3</td><td class="numi">0</td><td class="numi">0.1 seconds</td><td colspan="2">&nbsp;</td></tr>
</table>
<table cellspacing="0" cellpadding="0" class="methodOverview" id="summary">
<tr><th>Class</th><th>Method</th><th># of<br/>Scenarios</th><th>Start</th><th>Time<br/>(ms)</th></tr>
<tr id="t1"><th colspan="5">LogIn Test &#8212; failed (configuration methods)</th></tr>
<tr class="failedodd"><td>LogIn.SuccessfulLogInTest</td><td><a href="#m1"><b>openBrowser</b>  </a></td><td class="numi">1</td><td>1669247192597</td><td class="numi">80</td></tr>
<tr><th colspan="5">LogIn Test &#8212; skipped (configuration methods)</th></tr>
<tr class="skippedodd"><td rowspan="3">LogIn.SuccessfulLogInTest</td><td><a href="#m2"><b>beforeMetohod</b>  </a></td><td class="numi">1</td><td>1669247192704</td><td class="numi">-1669247192704</td></tr><tr class="skippedodd"><td><a href="#m3"><b>aftermethod</b>  </a></td><td class="numi">1</td><td>1669247192706</td><td class="numi">-1669247192706</td></tr><tr class="skippedodd"><td><a href="#m4"><b>CloseBrowser</b>  </a></td><td class="numi">1</td><td>1669247192709</td><td class="numi">-1669247192709</td></tr>
<tr><th colspan="5">LogIn Test &#8212; skipped</th></tr>
<tr class="skippedodd"><td>LogIn.SuccessfulLogInTest</td><td><a href="#m5"><b>VerifySuccessfulLogIn</b>  </a></td><td class="numi">1</td><td>1669247192705</td><td class="numi">0</td></tr>
<tr id="t2"><th colspan="5">EmailUs Test &#8212; failed (configuration methods)</th></tr>
<tr class="failedodd"><td>EmailUs.EmailUsTest</td><td><a href="#m6"><b>openBrowser</b>  </a></td><td class="numi">1</td><td>1669247192710</td><td class="numi">3</td></tr>
<tr><th colspan="5">EmailUs Test &#8212; skipped (configuration methods)</th></tr>
<tr class="skippedodd"><td rowspan="3">EmailUs.EmailUsTest</td><td><a href="#m7"><b>beforeMetohod</b>  </a></td><td class="numi">1</td><td>1669247192714</td><td class="numi">-1669247192714</td></tr><tr class="skippedodd"><td><a href="#m8"><b>aftermethod</b>  </a></td><td class="numi">1</td><td>1669247192715</td><td class="numi">-1669247192715</td></tr><tr class="skippedodd"><td><a href="#m9"><b>CloseBrowser</b>  </a></td><td class="numi">1</td><td>1669247192715</td><td class="numi">-1669247192715</td></tr>
<tr><th colspan="5">EmailUs Test &#8212; skipped</th></tr>
<tr class="skippedodd"><td>EmailUs.EmailUsTest</td><td><a href="#m10"><b>VerifyEmailUs</b>  </a></td><td class="numi">1</td><td>1669247192714</td><td class="numi">0</td></tr>
<tr id="t3"><th colspan="5">ContactUs Test &#8212; failed (configuration methods)</th></tr>
<tr class="failedodd"><td>ContactUs.ContactUsTest</td><td><a href="#m11"><b>openBrowser</b>  </a></td><td class="numi">1</td><td>1669247192715</td><td class="numi">3</td></tr>
<tr><th colspan="5">ContactUs Test &#8212; skipped (configuration methods)</th></tr>
<tr class="skippedodd"><td rowspan="4">ContactUs.ContactUsTest</td><td><a href="#m12"><b>beforeMetohod</b>  </a></td><td class="numi">1</td><td>1669247192719</td><td class="numi">-1669247192719</td></tr><tr class="skippedodd"><td><a href="#m13"><b>aftermethod</b>  </a></td><td class="numi">1</td><td>1669247192720</td><td class="numi">-1669247192720</td></tr><tr class="skippedodd"><td><a href="#m14"><b>CloseBrowser</b>  </a></td><td class="numi">1</td><td>1669247192720</td><td class="numi">-1669247192720</td></tr><tr class="skippedodd"><td><a href="#m15"><b>afterSuit</b>  </a></td><td class="numi">1</td><td>1669247192720</td><td class="numi">-1669247192720</td></tr>
<tr><th colspan="5">ContactUs Test &#8212; skipped</th></tr>
<tr class="skippedodd"><td>ContactUs.ContactUsTest</td><td><a href="#m16"><b>VerifyContactUs</b>  </a></td><td class="numi">1</td><td>1669247192720</td><td class="numi">0</td></tr>
</table>
<h1>LogIn Test</h1>
<h2 id="m1">LogIn.SuccessfulLogInTest:openBrowser</h2>
<div>
<div class="stacktrace">java.lang.IllegalStateException: The driver executable does not exist: /Users/armanhossain/IdeaProjects/chromedriver
	at com.google.common.base.Preconditions.checkState(Preconditions.java:585)
	at org.openqa.selenium.remote.service.DriverService.checkExecutable(DriverService.java:146)
	at org.openqa.selenium.remote.service.DriverService.findExecutable(DriverService.java:141)
	at org.openqa.selenium.chrome.ChromeDriverService.access$000(ChromeDriverService.java:35)
	at org.openqa.selenium.chrome.ChromeDriverService$Builder.findDefaultExecutable(ChromeDriverService.java:159)
	at org.openqa.selenium.remote.service.DriverService$Builder.build(DriverService.java:355)
	at org.openqa.selenium.chrome.ChromeDriverService.createDefaultService(ChromeDriverService.java:94)
	at org.openqa.selenium.chrome.ChromeDriver.&lt;init&gt;(ChromeDriver.java:123)
	at CoreClasses.BaseTest.openBrowser(BaseTest.java:45)
	at com.intellij.rt.testng.IDEARemoteTestNG.run(IDEARemoteTestNG.java:66)
	at com.intellij.rt.testng.RemoteTestNGStarter.main(RemoteTestNGStarter.java:110)
... Removed 21 stack frames</div>
</div>
<p class="totop"><a href="#summary">back to summary</a></p>
<h2 id="m2">LogIn.SuccessfulLogInTest:beforeMetohod</h2>
<p class="totop"><a href="#summary">back to summary</a></p>
<h2 id="m3">LogIn.SuccessfulLogInTest:aftermethod</h2>
<p class="totop"><a href="#summary">back to summary</a></p>
<h2 id="m4">LogIn.SuccessfulLogInTest:CloseBrowser</h2>
<p class="totop"><a href="#summary">back to summary</a></p>
<h2 id="m5">LogIn.SuccessfulLogInTest:VerifySuccessfulLogIn</h2>
<div>
<div class="stacktrace">java.lang.IllegalStateException: The driver executable does not exist: /Users/armanhossain/IdeaProjects/chromedriver
	at com.google.common.base.Preconditions.checkState(Preconditions.java:585)
	at org.openqa.selenium.remote.service.DriverService.checkExecutable(DriverService.java:146)
	at org.openqa.selenium.remote.service.DriverService.findExecutable(DriverService.java:141)
	at org.openqa.selenium.chrome.ChromeDriverService.access$000(ChromeDriverService.java:35)
	at org.openqa.selenium.chrome.ChromeDriverService$Builder.findDefaultExecutable(ChromeDriverService.java:159)
	at org.openqa.selenium.remote.service.DriverService$Builder.build(DriverService.java:355)
	at org.openqa.selenium.chrome.ChromeDriverService.createDefaultService(ChromeDriverService.java:94)
	at org.openqa.selenium.chrome.ChromeDriver.&lt;init&gt;(ChromeDriver.java:123)
	at CoreClasses.BaseTest.openBrowser(BaseTest.java:45)
	at com.intellij.rt.testng.IDEARemoteTestNG.run(IDEARemoteTestNG.java:66)
	at com.intellij.rt.testng.RemoteTestNGStarter.main(RemoteTestNGStarter.java:110)
... Removed 21 stack frames</div>
</div>
<p class="totop"><a href="#summary">back to summary</a></p>
<h1>EmailUs Test</h1>
<h2 id="m6">EmailUs.EmailUsTest:openBrowser</h2>
<div>
<div class="stacktrace">java.lang.IllegalStateException: The driver executable does not exist: /Users/armanhossain/IdeaProjects/chromedriver
	at com.google.common.base.Preconditions.checkState(Preconditions.java:585)
	at org.openqa.selenium.remote.service.DriverService.checkExecutable(DriverService.java:146)
	at org.openqa.selenium.remote.service.DriverService.findExecutable(DriverService.java:141)
	at org.openqa.selenium.chrome.ChromeDriverService.access$000(ChromeDriverService.java:35)
	at org.openqa.selenium.chrome.ChromeDriverService$Builder.findDefaultExecutable(ChromeDriverService.java:159)
	at org.openqa.selenium.remote.service.DriverService$Builder.build(DriverService.java:355)
	at org.openqa.selenium.chrome.ChromeDriverService.createDefaultService(ChromeDriverService.java:94)
	at org.openqa.selenium.chrome.ChromeDriver.&lt;init&gt;(ChromeDriver.java:123)
	at CoreClasses.BaseTest.openBrowser(BaseTest.java:45)
	at com.intellij.rt.testng.IDEARemoteTestNG.run(IDEARemoteTestNG.java:66)
	at com.intellij.rt.testng.RemoteTestNGStarter.main(RemoteTestNGStarter.java:110)
... Removed 21 stack frames</div>
</div>
<p class="totop"><a href="#summary">back to summary</a></p>
<h2 id="m7">EmailUs.EmailUsTest:CloseBrowser</h2>
<p class="totop"><a href="#summary">back to summary</a></p>
<h2 id="m8">EmailUs.EmailUsTest:aftermethod</h2>
<p class="totop"><a href="#summary">back to summary</a></p>
<h2 id="m9">EmailUs.EmailUsTest:beforeMetohod</h2>
<p class="totop"><a href="#summary">back to summary</a></p>
<h2 id="m10">EmailUs.EmailUsTest:VerifyEmailUs</h2>
<div>
<div class="stacktrace">java.lang.IllegalStateException: The driver executable does not exist: /Users/armanhossain/IdeaProjects/chromedriver
	at com.google.common.base.Preconditions.checkState(Preconditions.java:585)
	at org.openqa.selenium.remote.service.DriverService.checkExecutable(DriverService.java:146)
	at org.openqa.selenium.remote.service.DriverService.findExecutable(DriverService.java:141)
	at org.openqa.selenium.chrome.ChromeDriverService.access$000(ChromeDriverService.java:35)
	at org.openqa.selenium.chrome.ChromeDriverService$Builder.findDefaultExecutable(ChromeDriverService.java:159)
	at org.openqa.selenium.remote.service.DriverService$Builder.build(DriverService.java:355)
	at org.openqa.selenium.chrome.ChromeDriverService.createDefaultService(ChromeDriverService.java:94)
	at org.openqa.selenium.chrome.ChromeDriver.&lt;init&gt;(ChromeDriver.java:123)
	at CoreClasses.BaseTest.openBrowser(BaseTest.java:45)
	at com.intellij.rt.testng.IDEARemoteTestNG.run(IDEARemoteTestNG.java:66)
	at com.intellij.rt.testng.RemoteTestNGStarter.main(RemoteTestNGStarter.java:110)
... Removed 21 stack frames</div>
</div>
<p class="totop"><a href="#summary">back to summary</a></p>
<h1>ContactUs Test</h1>
<h2 id="m11">ContactUs.ContactUsTest:openBrowser</h2>
<div>
<div class="stacktrace">java.lang.IllegalStateException: The driver executable does not exist: /Users/armanhossain/IdeaProjects/chromedriver
	at com.google.common.base.Preconditions.checkState(Preconditions.java:585)
	at org.openqa.selenium.remote.service.DriverService.checkExecutable(DriverService.java:146)
	at org.openqa.selenium.remote.service.DriverService.findExecutable(DriverService.java:141)
	at org.openqa.selenium.chrome.ChromeDriverService.access$000(ChromeDriverService.java:35)
	at org.openqa.selenium.chrome.ChromeDriverService$Builder.findDefaultExecutable(ChromeDriverService.java:159)
	at org.openqa.selenium.remote.service.DriverService$Builder.build(DriverService.java:355)
	at org.openqa.selenium.chrome.ChromeDriverService.createDefaultService(ChromeDriverService.java:94)
	at org.openqa.selenium.chrome.ChromeDriver.&lt;init&gt;(ChromeDriver.java:123)
	at CoreClasses.BaseTest.openBrowser(BaseTest.java:45)
	at com.intellij.rt.testng.IDEARemoteTestNG.run(IDEARemoteTestNG.java:66)
	at com.intellij.rt.testng.RemoteTestNGStarter.main(RemoteTestNGStarter.java:110)
... Removed 21 stack frames</div>
</div>
<p class="totop"><a href="#summary">back to summary</a></p>
<h2 id="m12">ContactUs.ContactUsTest:aftermethod</h2>
<p class="totop"><a href="#summary">back to summary</a></p>
<h2 id="m13">ContactUs.ContactUsTest:beforeMetohod</h2>
<p class="totop"><a href="#summary">back to summary</a></p>
<h2 id="m14">ContactUs.ContactUsTest:CloseBrowser</h2>
<p class="totop"><a href="#summary">back to summary</a></p>
<h2 id="m15">ContactUs.ContactUsTest:afterSuit</h2>
<p class="totop"><a href="#summary">back to summary</a></p>
<h2 id="m16">ContactUs.ContactUsTest:VerifyContactUs</h2>
<div>
<div class="stacktrace">java.lang.IllegalStateException: The driver executable does not exist: /Users/armanhossain/IdeaProjects/chromedriver
	at com.google.common.base.Preconditions.checkState(Preconditions.java:585)
	at org.openqa.selenium.remote.service.DriverService.checkExecutable(DriverService.java:146)
	at org.openqa.selenium.remote.service.DriverService.findExecutable(DriverService.java:141)
	at org.openqa.selenium.chrome.ChromeDriverService.access$000(ChromeDriverService.java:35)
	at org.openqa.selenium.chrome.ChromeDriverService$Builder.findDefaultExecutable(ChromeDriverService.java:159)
	at org.openqa.selenium.remote.service.DriverService$Builder.build(DriverService.java:355)
	at org.openqa.selenium.chrome.ChromeDriverService.createDefaultService(ChromeDriverService.java:94)
	at org.openqa.selenium.chrome.ChromeDriver.&lt;init&gt;(ChromeDriver.java:123)
	at CoreClasses.BaseTest.openBrowser(BaseTest.java:45)
	at com.intellij.rt.testng.IDEARemoteTestNG.run(IDEARemoteTestNG.java:66)
	at com.intellij.rt.testng.RemoteTestNGStarter.main(RemoteTestNGStarter.java:110)
... Removed 21 stack frames</div>
</div>
<p class="totop"><a href="#summary">back to summary</a></p>
</body></html>
